[2025-05-10 15:11:32,125] {manager.py:474} INFO - Processing files using up to 2 processes at a time 
[2025-05-10 15:11:32,126] {manager.py:475} INFO - Process each file at most once every 30 seconds
[2025-05-10 15:11:32,126] {manager.py:477} INFO - Checking for new files in /opt/airflow/dags every 300 seconds
[2025-05-10 15:11:32,126] {manager.py:684} INFO - Searching for files in /opt/airflow/dags
[2025-05-10 15:11:32,126] {manager.py:687} INFO - There are 0 files in /opt/airflow/dags
[2025-05-10 15:13:14,315] {manager.py:455} INFO - Exiting gracefully upon receiving signal 15
[2025-05-12 22:56:05,839] {manager.py:474} INFO - Processing files using up to 2 processes at a time 
[2025-05-12 22:56:05,839] {manager.py:475} INFO - Process each file at most once every 30 seconds
[2025-05-12 22:56:05,839] {manager.py:477} INFO - Checking for new files in /opt/airflow/dags every 300 seconds
[2025-05-12 22:56:05,839] {manager.py:684} INFO - Searching for files in /opt/airflow/dags
[2025-05-12 22:56:05,840] {manager.py:687} INFO - There are 1 files in /opt/airflow/dags
[2025-05-12 22:56:05,863] {manager.py:803} INFO - 
================================================================================
DAG File Processing Stats

File Path                                 PID  Runtime      # DAGs    # Errors  Last Runtime    Last Run
--------------------------------------  -----  ---------  --------  ----------  --------------  ----------
/opt/airflow/dags/extract_scheduler.py    229  0.01s             0           0
================================================================================
[2025-05-12 22:56:36,047] {manager.py:803} INFO - 
================================================================================
DAG File Processing Stats

File Path                                 PID  Runtime      # DAGs    # Errors  Last Runtime    Last Run
--------------------------------------  -----  ---------  --------  ----------  --------------  -------------------
/opt/airflow/dags/extract_scheduler.py    236  0.01s             0           1  0.03s           2025-05-12T22:56:05
================================================================================
[2025-05-12 22:56:44,425] {manager.py:455} INFO - Exiting gracefully upon receiving signal 15
[2025-05-12 22:57:07,364] {manager.py:474} INFO - Processing files using up to 2 processes at a time 
[2025-05-12 22:57:07,364] {manager.py:475} INFO - Process each file at most once every 30 seconds
[2025-05-12 22:57:07,364] {manager.py:477} INFO - Checking for new files in /opt/airflow/dags every 300 seconds
[2025-05-12 22:57:07,364] {manager.py:684} INFO - Searching for files in /opt/airflow/dags
[2025-05-12 22:57:07,364] {manager.py:687} INFO - There are 1 files in /opt/airflow/dags
[2025-05-12 22:57:07,389] {manager.py:803} INFO - 
================================================================================
DAG File Processing Stats

File Path                                 PID  Runtime      # DAGs    # Errors  Last Runtime    Last Run
--------------------------------------  -----  ---------  --------  ----------  --------------  ----------
/opt/airflow/dags/extract_scheduler.py    230  0.01s             0           0
================================================================================
[2025-05-12 22:57:37,570] {manager.py:803} INFO - 
================================================================================
DAG File Processing Stats

File Path                                 PID  Runtime      # DAGs    # Errors  Last Runtime    Last Run
--------------------------------------  -----  ---------  --------  ----------  --------------  -------------------
/opt/airflow/dags/extract_scheduler.py    236  0.01s             0           1  0.03s           2025-05-12T22:57:07
================================================================================
[2025-05-12 22:58:07,773] {manager.py:803} INFO - 
================================================================================
DAG File Processing Stats

File Path                                 PID  Runtime      # DAGs    # Errors  Last Runtime    Last Run
--------------------------------------  -----  ---------  --------  ----------  --------------  -------------------
/opt/airflow/dags/extract_scheduler.py    241  0.01s             0           1  0.05s           2025-05-12T22:57:37
================================================================================
[2025-05-12 22:58:23,694] {manager.py:455} INFO - Exiting gracefully upon receiving signal 15
[2025-05-12 22:58:37,141] {manager.py:474} INFO - Processing files using up to 2 processes at a time 
[2025-05-12 22:58:37,142] {manager.py:475} INFO - Process each file at most once every 30 seconds
[2025-05-12 22:58:37,142] {manager.py:477} INFO - Checking for new files in /opt/airflow/dags every 300 seconds
[2025-05-12 22:58:37,142] {manager.py:684} INFO - Searching for files in /opt/airflow/dags
[2025-05-12 22:58:37,142] {manager.py:687} INFO - There are 1 files in /opt/airflow/dags
[2025-05-12 22:58:37,170] {manager.py:803} INFO - 
================================================================================
DAG File Processing Stats

File Path                                 PID  Runtime      # DAGs    # Errors  Last Runtime    Last Run
--------------------------------------  -----  ---------  --------  ----------  --------------  ----------
/opt/airflow/dags/extract_scheduler.py    230  0.01s             0           0
================================================================================
[2025-05-12 22:59:07,357] {manager.py:803} INFO - 
================================================================================
DAG File Processing Stats

File Path                                 PID  Runtime      # DAGs    # Errors  Last Runtime    Last Run
--------------------------------------  -----  ---------  --------  ----------  --------------  -------------------
/opt/airflow/dags/extract_scheduler.py    236  0.01s             0           1  0.04s           2025-05-12T22:58:37
================================================================================
[2025-05-12 22:59:37,536] {manager.py:803} INFO - 
================================================================================
DAG File Processing Stats

File Path                                 PID  Runtime      # DAGs    # Errors  Last Runtime    Last Run
--------------------------------------  -----  ---------  --------  ----------  --------------  -------------------
/opt/airflow/dags/extract_scheduler.py    241  0.00s             0           1  0.05s           2025-05-12T22:59:07
================================================================================
[2025-05-12 23:00:07,728] {manager.py:803} INFO - 
================================================================================
DAG File Processing Stats

File Path                                 PID  Runtime      # DAGs    # Errors  Last Runtime    Last Run
--------------------------------------  -----  ---------  --------  ----------  --------------  -------------------
/opt/airflow/dags/extract_scheduler.py    246  0.00s             0           1  0.05s           2025-05-12T22:59:37
================================================================================
[2025-05-12 23:00:37,923] {manager.py:803} INFO - 
================================================================================
DAG File Processing Stats

File Path                                 PID  Runtime      # DAGs    # Errors  Last Runtime    Last Run
--------------------------------------  -----  ---------  --------  ----------  --------------  -------------------
/opt/airflow/dags/extract_scheduler.py    251  0.01s             0           1  0.06s           2025-05-12T23:00:07
================================================================================
[2025-05-12 23:01:08,111] {manager.py:803} INFO - 
================================================================================
DAG File Processing Stats

File Path                                 PID  Runtime      # DAGs    # Errors  Last Runtime    Last Run
--------------------------------------  -----  ---------  --------  ----------  --------------  -------------------
/opt/airflow/dags/extract_scheduler.py    256  0.01s             0           1  0.06s           2025-05-12T23:00:37
================================================================================
[2025-05-12 23:01:38,309] {manager.py:803} INFO - 
================================================================================
DAG File Processing Stats

File Path                                 PID  Runtime      # DAGs    # Errors  Last Runtime    Last Run
--------------------------------------  -----  ---------  --------  ----------  --------------  -------------------
/opt/airflow/dags/extract_scheduler.py    261  0.00s             0           1  0.05s           2025-05-12T23:01:08
================================================================================
[2025-05-12 23:02:08,493] {manager.py:803} INFO - 
================================================================================
DAG File Processing Stats

File Path                                 PID  Runtime      # DAGs    # Errors  Last Runtime    Last Run
--------------------------------------  -----  ---------  --------  ----------  --------------  -------------------
/opt/airflow/dags/extract_scheduler.py    266  0.01s             0           1  0.05s           2025-05-12T23:01:38
================================================================================
[2025-05-12 23:02:38,705] {manager.py:803} INFO - 
================================================================================
DAG File Processing Stats

File Path                                 PID  Runtime      # DAGs    # Errors  Last Runtime    Last Run
--------------------------------------  -----  ---------  --------  ----------  --------------  -------------------
/opt/airflow/dags/extract_scheduler.py    271  0.00s             0           1  0.06s           2025-05-12T23:02:08
================================================================================
[2025-05-12 23:03:08,898] {manager.py:803} INFO - 
================================================================================
DAG File Processing Stats

File Path                                 PID  Runtime      # DAGs    # Errors  Last Runtime    Last Run
--------------------------------------  -----  ---------  --------  ----------  --------------  -------------------
/opt/airflow/dags/extract_scheduler.py    276  0.00s             0           1  0.05s           2025-05-12T23:02:38
================================================================================
[2025-05-12 23:03:38,075] {manager.py:684} INFO - Searching for files in /opt/airflow/dags
[2025-05-12 23:03:38,076] {manager.py:687} INFO - There are 1 files in /opt/airflow/dags
[2025-05-12 23:03:39,098] {manager.py:803} INFO - 
================================================================================
DAG File Processing Stats

File Path                                 PID  Runtime      # DAGs    # Errors  Last Runtime    Last Run
--------------------------------------  -----  ---------  --------  ----------  --------------  -------------------
/opt/airflow/dags/extract_scheduler.py    281  0.01s             0           1  0.04s           2025-05-12T23:03:08
================================================================================
[2025-05-12 23:04:09,285] {manager.py:803} INFO - 
================================================================================
DAG File Processing Stats

File Path                                 PID  Runtime      # DAGs    # Errors  Last Runtime    Last Run
--------------------------------------  -----  ---------  --------  ----------  --------------  -------------------
/opt/airflow/dags/extract_scheduler.py    286  0.00s             0           1  0.05s           2025-05-12T23:03:39
================================================================================
[2025-05-12 23:04:57,551] {manager.py:474} INFO - Processing files using up to 2 processes at a time 
[2025-05-12 23:04:57,551] {manager.py:475} INFO - Process each file at most once every 30 seconds
[2025-05-12 23:04:57,551] {manager.py:477} INFO - Checking for new files in /opt/airflow/dags every 300 seconds
[2025-05-12 23:04:57,551] {manager.py:684} INFO - Searching for files in /opt/airflow/dags
[2025-05-12 23:04:57,552] {manager.py:687} INFO - There are 1 files in /opt/airflow/dags
[2025-05-12 23:04:57,574] {manager.py:803} INFO - 
================================================================================
DAG File Processing Stats

File Path                                 PID  Runtime      # DAGs    # Errors  Last Runtime    Last Run
--------------------------------------  -----  ---------  --------  ----------  --------------  ----------
/opt/airflow/dags/extract_scheduler.py    229  0.01s             0           0
================================================================================
[2025-05-12 23:05:27,757] {manager.py:803} INFO - 
================================================================================
DAG File Processing Stats

File Path                                 PID  Runtime      # DAGs    # Errors  Last Runtime    Last Run
--------------------------------------  -----  ---------  --------  ----------  --------------  -------------------
/opt/airflow/dags/extract_scheduler.py    235  0.00s             0           1  0.05s           2025-05-12T23:04:57
================================================================================
[2025-05-12 23:05:57,953] {manager.py:803} INFO - 
================================================================================
DAG File Processing Stats

File Path                                 PID  Runtime      # DAGs    # Errors  Last Runtime    Last Run
--------------------------------------  -----  ---------  --------  ----------  --------------  -------------------
/opt/airflow/dags/extract_scheduler.py    245  0.00s             0           1  0.04s           2025-05-12T23:05:54
================================================================================
[2025-05-12 23:06:13,726] {manager.py:474} INFO - Processing files using up to 2 processes at a time 
[2025-05-12 23:06:13,726] {manager.py:475} INFO - Process each file at most once every 30 seconds
[2025-05-12 23:06:13,726] {manager.py:477} INFO - Checking for new files in /opt/airflow/dags every 300 seconds
[2025-05-12 23:06:13,726] {manager.py:684} INFO - Searching for files in /opt/airflow/dags
[2025-05-12 23:06:13,727] {manager.py:687} INFO - There are 1 files in /opt/airflow/dags
[2025-05-12 23:06:13,758] {manager.py:803} INFO - 
================================================================================
DAG File Processing Stats

File Path                                 PID  Runtime      # DAGs    # Errors  Last Runtime    Last Run
--------------------------------------  -----  ---------  --------  ----------  --------------  ----------
/opt/airflow/dags/extract_scheduler.py    230  0.01s             0           0
================================================================================
[2025-05-12 23:06:43,941] {manager.py:803} INFO - 
================================================================================
DAG File Processing Stats

File Path                                 PID  Runtime      # DAGs    # Errors  Last Runtime    Last Run
--------------------------------------  -----  ---------  --------  ----------  --------------  -------------------
/opt/airflow/dags/extract_scheduler.py    236  0.01s             0           1  0.04s           2025-05-12T23:06:13
================================================================================
[2025-05-12 23:07:14,142] {manager.py:803} INFO - 
================================================================================
DAG File Processing Stats

File Path                                 PID  Runtime      # DAGs    # Errors  Last Runtime    Last Run
--------------------------------------  -----  ---------  --------  ----------  --------------  -------------------
/opt/airflow/dags/extract_scheduler.py    241  0.01s             0           1  0.04s           2025-05-12T23:06:43
================================================================================
[2025-05-12 23:07:44,346] {manager.py:803} INFO - 
================================================================================
DAG File Processing Stats

File Path                                 PID  Runtime      # DAGs    # Errors  Last Runtime    Last Run
--------------------------------------  -----  ---------  --------  ----------  --------------  -------------------
/opt/airflow/dags/extract_scheduler.py    246  0.01s             0           1  0.07s           2025-05-12T23:07:14
================================================================================
[2025-05-12 23:08:14,537] {manager.py:803} INFO - 
================================================================================
DAG File Processing Stats

File Path                               PID    Runtime      # DAGs    # Errors  Last Runtime    Last Run
--------------------------------------  -----  ---------  --------  ----------  --------------  -------------------
/opt/airflow/dags/extract_scheduler.py                           0           1  0.03s           2025-05-12T23:07:56
================================================================================
[2025-05-12 23:08:44,745] {manager.py:803} INFO - 
================================================================================
DAG File Processing Stats

File Path                               PID    Runtime      # DAGs    # Errors  Last Runtime    Last Run
--------------------------------------  -----  ---------  --------  ----------  --------------  -------------------
/opt/airflow/dags/extract_scheduler.py                           0           1  0.04s           2025-05-12T23:08:26
================================================================================
[2025-05-12 23:09:14,935] {manager.py:803} INFO - 
================================================================================
DAG File Processing Stats

File Path                               PID    Runtime      # DAGs    # Errors  Last Runtime    Last Run
--------------------------------------  -----  ---------  --------  ----------  --------------  -------------------
/opt/airflow/dags/extract_scheduler.py                           0           1  0.04s           2025-05-12T23:09:07
================================================================================
[2025-05-12 23:09:45,129] {manager.py:803} INFO - 
================================================================================
DAG File Processing Stats

File Path                               PID    Runtime      # DAGs    # Errors  Last Runtime    Last Run
--------------------------------------  -----  ---------  --------  ----------  --------------  -------------------
/opt/airflow/dags/extract_scheduler.py                           0           1  0.04s           2025-05-12T23:09:38
================================================================================
[2025-05-12 23:10:15,335] {manager.py:803} INFO - 
================================================================================
DAG File Processing Stats

File Path                               PID    Runtime      # DAGs    # Errors  Last Runtime    Last Run
--------------------------------------  -----  ---------  --------  ----------  --------------  -------------------
/opt/airflow/dags/extract_scheduler.py                           0           1  0.07s           2025-05-12T23:10:08
================================================================================
[2025-05-12 23:10:45,534] {manager.py:803} INFO - 
================================================================================
DAG File Processing Stats

File Path                               PID    Runtime      # DAGs    # Errors  Last Runtime    Last Run
--------------------------------------  -----  ---------  --------  ----------  --------------  -------------------
/opt/airflow/dags/extract_scheduler.py                           0           1  0.04s           2025-05-12T23:10:19
================================================================================
[2025-05-12 23:11:14,722] {manager.py:684} INFO - Searching for files in /opt/airflow/dags
[2025-05-12 23:11:14,724] {manager.py:687} INFO - There are 1 files in /opt/airflow/dags
[2025-05-12 23:11:15,745] {manager.py:803} INFO - 
================================================================================
DAG File Processing Stats

File Path                               PID    Runtime      # DAGs    # Errors  Last Runtime    Last Run
--------------------------------------  -----  ---------  --------  ----------  --------------  -------------------
/opt/airflow/dags/extract_scheduler.py                           0           1  0.06s           2025-05-12T23:11:02
================================================================================
[2025-05-12 23:11:45,945] {manager.py:803} INFO - 
================================================================================
DAG File Processing Stats

File Path                               PID    Runtime      # DAGs    # Errors  Last Runtime    Last Run
--------------------------------------  -----  ---------  --------  ----------  --------------  -------------------
/opt/airflow/dags/extract_scheduler.py                           0           1  0.07s           2025-05-12T23:11:32
================================================================================
[2025-05-12 23:12:16,145] {manager.py:803} INFO - 
================================================================================
DAG File Processing Stats

File Path                               PID    Runtime      # DAGs    # Errors  Last Runtime    Last Run
--------------------------------------  -----  ---------  --------  ----------  --------------  -------------------
/opt/airflow/dags/extract_scheduler.py                           0           1  0.05s           2025-05-12T23:12:03
================================================================================
[2025-05-12 23:12:46,330] {manager.py:803} INFO - 
================================================================================
DAG File Processing Stats

File Path                               PID    Runtime      # DAGs    # Errors  Last Runtime    Last Run
--------------------------------------  -----  ---------  --------  ----------  --------------  -------------------
/opt/airflow/dags/extract_scheduler.py                           0           1  0.06s           2025-05-12T23:12:33
================================================================================
[2025-05-12 23:13:16,517] {manager.py:803} INFO - 
================================================================================
DAG File Processing Stats

File Path                               PID    Runtime      # DAGs    # Errors  Last Runtime    Last Run
--------------------------------------  -----  ---------  --------  ----------  --------------  -------------------
/opt/airflow/dags/extract_scheduler.py                           0           1  0.05s           2025-05-12T23:13:03
================================================================================
[2025-05-12 23:13:46,710] {manager.py:803} INFO - 
================================================================================
DAG File Processing Stats

File Path                               PID    Runtime      # DAGs    # Errors  Last Runtime    Last Run
--------------------------------------  -----  ---------  --------  ----------  --------------  -------------------
/opt/airflow/dags/extract_scheduler.py                           0           1  0.06s           2025-05-12T23:13:33
================================================================================
[2025-05-12 23:14:16,912] {manager.py:803} INFO - 
================================================================================
DAG File Processing Stats

File Path                               PID    Runtime      # DAGs    # Errors  Last Runtime    Last Run
--------------------------------------  -----  ---------  --------  ----------  --------------  -------------------
/opt/airflow/dags/extract_scheduler.py                           0           1  0.05s           2025-05-12T23:14:03
================================================================================
[2025-05-12 23:14:47,092] {manager.py:803} INFO - 
================================================================================
DAG File Processing Stats

File Path                               PID    Runtime      # DAGs    # Errors  Last Runtime    Last Run
--------------------------------------  -----  ---------  --------  ----------  --------------  -------------------
/opt/airflow/dags/extract_scheduler.py                           0           1  0.05s           2025-05-12T23:14:34
================================================================================
[2025-05-12 23:15:17,285] {manager.py:803} INFO - 
================================================================================
DAG File Processing Stats

File Path                               PID    Runtime      # DAGs    # Errors  Last Runtime    Last Run
--------------------------------------  -----  ---------  --------  ----------  --------------  -------------------
/opt/airflow/dags/extract_scheduler.py                           0           1  0.08s           2025-05-12T23:15:04
================================================================================
[2025-05-12 23:15:47,470] {manager.py:803} INFO - 
================================================================================
DAG File Processing Stats

File Path                               PID    Runtime      # DAGs    # Errors  Last Runtime    Last Run
--------------------------------------  -----  ---------  --------  ----------  --------------  -------------------
/opt/airflow/dags/extract_scheduler.py                           0           1  0.04s           2025-05-12T23:15:34
================================================================================
[2025-05-12 23:16:15,640] {manager.py:684} INFO - Searching for files in /opt/airflow/dags
[2025-05-12 23:16:15,641] {manager.py:687} INFO - There are 1 files in /opt/airflow/dags
[2025-05-12 23:16:17,662] {manager.py:803} INFO - 
================================================================================
DAG File Processing Stats

File Path                               PID    Runtime      # DAGs    # Errors  Last Runtime    Last Run
--------------------------------------  -----  ---------  --------  ----------  --------------  -------------------
/opt/airflow/dags/extract_scheduler.py                           0           1  0.07s           2025-05-12T23:16:04
================================================================================
[2025-05-12 23:16:47,858] {manager.py:803} INFO - 
================================================================================
DAG File Processing Stats

File Path                               PID    Runtime      # DAGs    # Errors  Last Runtime    Last Run
--------------------------------------  -----  ---------  --------  ----------  --------------  -------------------
/opt/airflow/dags/extract_scheduler.py                           0           1  0.07s           2025-05-12T23:16:34
================================================================================
[2025-05-12 23:17:18,047] {manager.py:803} INFO - 
================================================================================
DAG File Processing Stats

File Path                               PID    Runtime      # DAGs    # Errors  Last Runtime    Last Run
--------------------------------------  -----  ---------  --------  ----------  --------------  -------------------
/opt/airflow/dags/extract_scheduler.py                           0           1  0.04s           2025-05-12T23:17:05
================================================================================
[2025-05-12 23:17:48,231] {manager.py:803} INFO - 
================================================================================
DAG File Processing Stats

File Path                               PID    Runtime      # DAGs    # Errors  Last Runtime    Last Run
--------------------------------------  -----  ---------  --------  ----------  --------------  -------------------
/opt/airflow/dags/extract_scheduler.py                           0           1  0.06s           2025-05-12T23:17:35
================================================================================
[2025-05-12 23:18:18,430] {manager.py:803} INFO - 
================================================================================
DAG File Processing Stats

File Path                               PID    Runtime      # DAGs    # Errors  Last Runtime    Last Run
--------------------------------------  -----  ---------  --------  ----------  --------------  -------------------
/opt/airflow/dags/extract_scheduler.py                           0           1  0.06s           2025-05-12T23:18:05
================================================================================
[2025-05-12 23:18:48,596] {manager.py:803} INFO - 
================================================================================
DAG File Processing Stats

File Path                               PID    Runtime      # DAGs    # Errors  Last Runtime    Last Run
--------------------------------------  -----  ---------  --------  ----------  --------------  -------------------
/opt/airflow/dags/extract_scheduler.py                           0           1  0.04s           2025-05-12T23:18:35
================================================================================
[2025-05-12 23:19:18,755] {manager.py:803} INFO - 
================================================================================
DAG File Processing Stats

File Path                               PID    Runtime      # DAGs    # Errors  Last Runtime    Last Run
--------------------------------------  -----  ---------  --------  ----------  --------------  -------------------
/opt/airflow/dags/extract_scheduler.py                           0           1  0.03s           2025-05-12T23:19:05
================================================================================
[2025-05-12 23:19:48,922] {manager.py:803} INFO - 
================================================================================
DAG File Processing Stats

File Path                               PID    Runtime      # DAGs    # Errors  Last Runtime    Last Run
--------------------------------------  -----  ---------  --------  ----------  --------------  -------------------
/opt/airflow/dags/extract_scheduler.py                           0           1  0.04s           2025-05-12T23:19:35
================================================================================
[2025-05-12 23:20:19,094] {manager.py:803} INFO - 
================================================================================
DAG File Processing Stats

File Path                               PID    Runtime      # DAGs    # Errors  Last Runtime    Last Run
--------------------------------------  -----  ---------  --------  ----------  --------------  -------------------
/opt/airflow/dags/extract_scheduler.py                           0           1  0.06s           2025-05-12T23:20:06
================================================================================
[2025-05-12 23:20:49,294] {manager.py:803} INFO - 
================================================================================
DAG File Processing Stats

File Path                               PID    Runtime      # DAGs    # Errors  Last Runtime    Last Run
--------------------------------------  -----  ---------  --------  ----------  --------------  -------------------
/opt/airflow/dags/extract_scheduler.py                           0           1  0.06s           2025-05-12T23:20:36
================================================================================
[2025-05-12 23:21:16,454] {manager.py:684} INFO - Searching for files in /opt/airflow/dags
[2025-05-12 23:21:16,457] {manager.py:687} INFO - There are 1 files in /opt/airflow/dags
[2025-05-12 23:21:19,493] {manager.py:803} INFO - 
================================================================================
DAG File Processing Stats

File Path                               PID    Runtime      # DAGs    # Errors  Last Runtime    Last Run
--------------------------------------  -----  ---------  --------  ----------  --------------  -------------------
/opt/airflow/dags/extract_scheduler.py                           0           1  0.06s           2025-05-12T23:21:06
================================================================================
[2025-05-12 23:21:49,678] {manager.py:803} INFO - 
================================================================================
DAG File Processing Stats

File Path                               PID    Runtime      # DAGs    # Errors  Last Runtime    Last Run
--------------------------------------  -----  ---------  --------  ----------  --------------  -------------------
/opt/airflow/dags/extract_scheduler.py                           0           1  0.05s           2025-05-12T23:21:36
================================================================================
[2025-05-12 23:22:19,874] {manager.py:803} INFO - 
================================================================================
DAG File Processing Stats

File Path                               PID    Runtime      # DAGs    # Errors  Last Runtime    Last Run
--------------------------------------  -----  ---------  --------  ----------  --------------  -------------------
/opt/airflow/dags/extract_scheduler.py                           0           1  0.07s           2025-05-12T23:22:06
================================================================================
[2025-05-12 23:22:50,046] {manager.py:803} INFO - 
================================================================================
DAG File Processing Stats

File Path                               PID    Runtime      # DAGs    # Errors  Last Runtime    Last Run
--------------------------------------  -----  ---------  --------  ----------  --------------  -------------------
/opt/airflow/dags/extract_scheduler.py                           0           1  0.06s           2025-05-12T23:22:37
================================================================================
[2025-05-12 23:23:20,241] {manager.py:803} INFO - 
================================================================================
DAG File Processing Stats

File Path                               PID    Runtime      # DAGs    # Errors  Last Runtime    Last Run
--------------------------------------  -----  ---------  --------  ----------  --------------  -------------------
/opt/airflow/dags/extract_scheduler.py                           0           1  0.05s           2025-05-12T23:23:07
================================================================================
[2025-05-12 23:23:50,428] {manager.py:803} INFO - 
================================================================================
DAG File Processing Stats

File Path                               PID    Runtime      # DAGs    # Errors  Last Runtime    Last Run
--------------------------------------  -----  ---------  --------  ----------  --------------  -------------------
/opt/airflow/dags/extract_scheduler.py                           0           1  0.05s           2025-05-12T23:23:37
================================================================================
[2025-05-12 23:24:20,616] {manager.py:803} INFO - 
================================================================================
DAG File Processing Stats

File Path                               PID    Runtime      # DAGs    # Errors  Last Runtime    Last Run
--------------------------------------  -----  ---------  --------  ----------  --------------  -------------------
/opt/airflow/dags/extract_scheduler.py                           0           1  0.05s           2025-05-12T23:24:07
================================================================================
[2025-05-12 23:24:50,780] {manager.py:803} INFO - 
================================================================================
DAG File Processing Stats

File Path                               PID    Runtime      # DAGs    # Errors  Last Runtime    Last Run
--------------------------------------  -----  ---------  --------  ----------  --------------  -------------------
/opt/airflow/dags/extract_scheduler.py                           0           1  0.04s           2025-05-12T23:24:37
================================================================================
[2025-05-12 23:25:20,946] {manager.py:803} INFO - 
================================================================================
DAG File Processing Stats

File Path                               PID    Runtime      # DAGs    # Errors  Last Runtime    Last Run
--------------------------------------  -----  ---------  --------  ----------  --------------  -------------------
/opt/airflow/dags/extract_scheduler.py                           0           1  0.04s           2025-05-12T23:25:07
================================================================================
[2025-05-12 23:25:51,144] {manager.py:803} INFO - 
================================================================================
DAG File Processing Stats

File Path                               PID    Runtime      # DAGs    # Errors  Last Runtime    Last Run
--------------------------------------  -----  ---------  --------  ----------  --------------  -------------------
/opt/airflow/dags/extract_scheduler.py                           0           1  0.05s           2025-05-12T23:25:38
================================================================================
[2025-05-12 23:26:17,307] {manager.py:684} INFO - Searching for files in /opt/airflow/dags
[2025-05-12 23:26:17,308] {manager.py:687} INFO - There are 1 files in /opt/airflow/dags
[2025-05-12 23:26:21,340] {manager.py:803} INFO - 
================================================================================
DAG File Processing Stats

File Path                               PID    Runtime      # DAGs    # Errors  Last Runtime    Last Run
--------------------------------------  -----  ---------  --------  ----------  --------------  -------------------
/opt/airflow/dags/extract_scheduler.py                           0           1  0.07s           2025-05-12T23:26:08
================================================================================
[2025-05-12 23:26:51,521] {manager.py:803} INFO - 
================================================================================
DAG File Processing Stats

File Path                               PID    Runtime      # DAGs    # Errors  Last Runtime    Last Run
--------------------------------------  -----  ---------  --------  ----------  --------------  -------------------
/opt/airflow/dags/extract_scheduler.py                           0           1  0.04s           2025-05-12T23:26:38
================================================================================
[2025-05-12 23:27:21,698] {manager.py:803} INFO - 
================================================================================
DAG File Processing Stats

File Path                               PID    Runtime      # DAGs    # Errors  Last Runtime    Last Run
--------------------------------------  -----  ---------  --------  ----------  --------------  -------------------
/opt/airflow/dags/extract_scheduler.py                           0           1  0.07s           2025-05-12T23:27:08
================================================================================
[2025-05-12 23:27:51,881] {manager.py:803} INFO - 
================================================================================
DAG File Processing Stats

File Path                               PID    Runtime      # DAGs    # Errors  Last Runtime    Last Run
--------------------------------------  -----  ---------  --------  ----------  --------------  -------------------
/opt/airflow/dags/extract_scheduler.py                           0           1  0.05s           2025-05-12T23:27:38
================================================================================
[2025-05-12 23:28:22,103] {manager.py:803} INFO - 
================================================================================
DAG File Processing Stats

File Path                               PID    Runtime      # DAGs    # Errors  Last Runtime    Last Run
--------------------------------------  -----  ---------  --------  ----------  --------------  -------------------
/opt/airflow/dags/extract_scheduler.py                           1           0  0.10s           2025-05-12T23:28:15
================================================================================
[2025-05-12 23:28:52,283] {manager.py:803} INFO - 
================================================================================
DAG File Processing Stats

File Path                               PID    Runtime      # DAGs    # Errors  Last Runtime    Last Run
--------------------------------------  -----  ---------  --------  ----------  --------------  -------------------
/opt/airflow/dags/extract_scheduler.py                           1           0  0.06s           2025-05-12T23:28:45
================================================================================
[2025-05-12 23:29:22,476] {manager.py:803} INFO - 
================================================================================
DAG File Processing Stats

File Path                               PID    Runtime      # DAGs    # Errors  Last Runtime    Last Run
--------------------------------------  -----  ---------  --------  ----------  --------------  -------------------
/opt/airflow/dags/extract_scheduler.py                           1           0  0.07s           2025-05-12T23:29:06
================================================================================
[2025-05-12 23:29:52,658] {manager.py:803} INFO - 
================================================================================
DAG File Processing Stats

File Path                               PID    Runtime      # DAGs    # Errors  Last Runtime    Last Run
--------------------------------------  -----  ---------  --------  ----------  --------------  -------------------
/opt/airflow/dags/extract_scheduler.py                           1           0  0.10s           2025-05-12T23:29:36
================================================================================
[2025-05-12 23:30:22,848] {manager.py:803} INFO - 
================================================================================
DAG File Processing Stats

File Path                               PID    Runtime      # DAGs    # Errors  Last Runtime    Last Run
--------------------------------------  -----  ---------  --------  ----------  --------------  -------------------
/opt/airflow/dags/extract_scheduler.py                           1           0  0.07s           2025-05-12T23:30:06
================================================================================
[2025-05-12 23:30:53,048] {manager.py:803} INFO - 
================================================================================
DAG File Processing Stats

File Path                               PID    Runtime      # DAGs    # Errors  Last Runtime    Last Run
--------------------------------------  -----  ---------  --------  ----------  --------------  -------------------
/opt/airflow/dags/extract_scheduler.py                           1           0  0.06s           2025-05-12T23:30:52
================================================================================
[2025-05-12 23:31:18,200] {manager.py:684} INFO - Searching for files in /opt/airflow/dags
[2025-05-12 23:31:18,200] {manager.py:687} INFO - There are 1 files in /opt/airflow/dags
[2025-05-12 23:31:23,240] {manager.py:803} INFO - 
================================================================================
DAG File Processing Stats

File Path                               PID    Runtime      # DAGs    # Errors  Last Runtime    Last Run
--------------------------------------  -----  ---------  --------  ----------  --------------  -------------------
/opt/airflow/dags/extract_scheduler.py                           1           0  0.09s           2025-05-12T23:31:05
================================================================================
[2025-05-12 23:31:53,420] {manager.py:803} INFO - 
================================================================================
DAG File Processing Stats

File Path                               PID    Runtime      # DAGs    # Errors  Last Runtime    Last Run
--------------------------------------  -----  ---------  --------  ----------  --------------  -------------------
/opt/airflow/dags/extract_scheduler.py                           1           0  0.09s           2025-05-12T23:31:35
================================================================================
[2025-05-12 23:32:23,622] {manager.py:803} INFO - 
================================================================================
DAG File Processing Stats

File Path                               PID    Runtime      # DAGs    # Errors  Last Runtime    Last Run
--------------------------------------  -----  ---------  --------  ----------  --------------  -------------------
/opt/airflow/dags/extract_scheduler.py                           1           0  0.08s           2025-05-12T23:32:05
================================================================================
[2025-05-12 23:32:53,811] {manager.py:803} INFO - 
================================================================================
DAG File Processing Stats

File Path                               PID    Runtime      # DAGs    # Errors  Last Runtime    Last Run
--------------------------------------  -----  ---------  --------  ----------  --------------  -------------------
/opt/airflow/dags/extract_scheduler.py                           1           0  0.08s           2025-05-12T23:32:35
================================================================================
[2025-05-12 23:33:24,016] {manager.py:803} INFO - 
================================================================================
DAG File Processing Stats

File Path                               PID    Runtime      # DAGs    # Errors  Last Runtime    Last Run
--------------------------------------  -----  ---------  --------  ----------  --------------  -------------------
/opt/airflow/dags/extract_scheduler.py                           1           0  0.08s           2025-05-12T23:33:05
================================================================================
[2025-05-12 23:33:54,201] {manager.py:803} INFO - 
================================================================================
DAG File Processing Stats

File Path                               PID    Runtime      # DAGs    # Errors  Last Runtime    Last Run
--------------------------------------  -----  ---------  --------  ----------  --------------  -------------------
/opt/airflow/dags/extract_scheduler.py                           1           0  0.06s           2025-05-12T23:33:36
================================================================================
[2025-05-12 23:34:24,399] {manager.py:803} INFO - 
================================================================================
DAG File Processing Stats

File Path                               PID    Runtime      # DAGs    # Errors  Last Runtime    Last Run
--------------------------------------  -----  ---------  --------  ----------  --------------  -------------------
/opt/airflow/dags/extract_scheduler.py                           1           0  0.07s           2025-05-12T23:34:06
================================================================================
[2025-05-12 23:34:54,581] {manager.py:803} INFO - 
================================================================================
DAG File Processing Stats

File Path                               PID    Runtime      # DAGs    # Errors  Last Runtime    Last Run
--------------------------------------  -----  ---------  --------  ----------  --------------  -------------------
/opt/airflow/dags/extract_scheduler.py                           1           0  0.08s           2025-05-12T23:34:36
================================================================================
[2025-05-12 23:35:24,767] {manager.py:803} INFO - 
================================================================================
DAG File Processing Stats

File Path                               PID    Runtime      # DAGs    # Errors  Last Runtime    Last Run
--------------------------------------  -----  ---------  --------  ----------  --------------  -------------------
/opt/airflow/dags/extract_scheduler.py                           1           0  0.07s           2025-05-12T23:35:06
================================================================================
[2025-05-12 23:35:54,943] {manager.py:803} INFO - 
================================================================================
DAG File Processing Stats

File Path                               PID    Runtime      # DAGs    # Errors  Last Runtime    Last Run
--------------------------------------  -----  ---------  --------  ----------  --------------  -------------------
/opt/airflow/dags/extract_scheduler.py                           1           0  0.06s           2025-05-12T23:35:36
================================================================================
[2025-05-12 23:36:19,086] {manager.py:684} INFO - Searching for files in /opt/airflow/dags
[2025-05-12 23:36:19,087] {manager.py:687} INFO - There are 1 files in /opt/airflow/dags
[2025-05-12 23:36:25,145] {manager.py:803} INFO - 
================================================================================
DAG File Processing Stats

File Path                               PID    Runtime      # DAGs    # Errors  Last Runtime    Last Run
--------------------------------------  -----  ---------  --------  ----------  --------------  -------------------
/opt/airflow/dags/extract_scheduler.py                           1           0  0.06s           2025-05-12T23:36:07
================================================================================
[2025-05-12 23:36:55,376] {manager.py:803} INFO - 
================================================================================
DAG File Processing Stats

File Path                               PID    Runtime      # DAGs    # Errors  Last Runtime    Last Run
--------------------------------------  -----  ---------  --------  ----------  --------------  -------------------
/opt/airflow/dags/extract_scheduler.py                           1           0  0.07s           2025-05-12T23:36:40
================================================================================
[2025-05-12 23:37:25,568] {manager.py:803} INFO - 
================================================================================
DAG File Processing Stats

File Path                               PID    Runtime      # DAGs    # Errors  Last Runtime    Last Run
--------------------------------------  -----  ---------  --------  ----------  --------------  -------------------
/opt/airflow/dags/extract_scheduler.py                           1           0  0.10s           2025-05-12T23:37:10
================================================================================
[2025-05-12 23:37:55,757] {manager.py:803} INFO - 
================================================================================
DAG File Processing Stats

File Path                               PID    Runtime      # DAGs    # Errors  Last Runtime    Last Run
--------------------------------------  -----  ---------  --------  ----------  --------------  -------------------
/opt/airflow/dags/extract_scheduler.py                           1           0  0.07s           2025-05-12T23:37:40
================================================================================
[2025-05-12 23:38:25,944] {manager.py:803} INFO - 
================================================================================
DAG File Processing Stats

File Path                               PID    Runtime      # DAGs    # Errors  Last Runtime    Last Run
--------------------------------------  -----  ---------  --------  ----------  --------------  -------------------
/opt/airflow/dags/extract_scheduler.py                           1           0  0.09s           2025-05-12T23:38:10
================================================================================
[2025-05-12 23:39:14,435] {manager.py:474} INFO - Processing files using up to 2 processes at a time 
[2025-05-12 23:39:14,435] {manager.py:475} INFO - Process each file at most once every 30 seconds
[2025-05-12 23:39:14,435] {manager.py:477} INFO - Checking for new files in /opt/airflow/dags every 300 seconds
[2025-05-12 23:39:14,435] {manager.py:684} INFO - Searching for files in /opt/airflow/dags
[2025-05-12 23:39:14,436] {manager.py:687} INFO - There are 1 files in /opt/airflow/dags
[2025-05-12 23:39:14,470] {manager.py:803} INFO - 
================================================================================
DAG File Processing Stats

File Path                                 PID  Runtime      # DAGs    # Errors  Last Runtime    Last Run
--------------------------------------  -----  ---------  --------  ----------  --------------  ----------
/opt/airflow/dags/extract_scheduler.py    230  0.01s             0           0
================================================================================
[2025-05-12 23:39:44,643] {manager.py:803} INFO - 
================================================================================
DAG File Processing Stats

File Path                                 PID  Runtime      # DAGs    # Errors  Last Runtime    Last Run
--------------------------------------  -----  ---------  --------  ----------  --------------  -------------------
/opt/airflow/dags/extract_scheduler.py    238  0.00s             1           0  0.14s           2025-05-12T23:39:14
================================================================================
[2025-05-12 23:40:14,841] {manager.py:803} INFO - 
================================================================================
DAG File Processing Stats

File Path                                 PID  Runtime      # DAGs    # Errors  Last Runtime    Last Run
--------------------------------------  -----  ---------  --------  ----------  --------------  -------------------
/opt/airflow/dags/extract_scheduler.py    245  0.00s             1           0  0.06s           2025-05-12T23:39:44
================================================================================
[2025-05-12 23:40:45,019] {manager.py:803} INFO - 
================================================================================
DAG File Processing Stats

File Path                                 PID  Runtime      # DAGs    # Errors  Last Runtime    Last Run
--------------------------------------  -----  ---------  --------  ----------  --------------  -------------------
/opt/airflow/dags/extract_scheduler.py    250  0.00s             1           0  0.06s           2025-05-12T23:40:14
================================================================================
[2025-05-12 23:41:15,208] {manager.py:803} INFO - 
================================================================================
DAG File Processing Stats

File Path                                 PID  Runtime      # DAGs    # Errors  Last Runtime    Last Run
--------------------------------------  -----  ---------  --------  ----------  --------------  -------------------
/opt/airflow/dags/extract_scheduler.py    255  0.00s             1           0  0.06s           2025-05-12T23:40:45
================================================================================
[2025-05-12 23:41:45,383] {manager.py:803} INFO - 
================================================================================
DAG File Processing Stats

File Path                                 PID  Runtime      # DAGs    # Errors  Last Runtime    Last Run
--------------------------------------  -----  ---------  --------  ----------  --------------  -------------------
/opt/airflow/dags/extract_scheduler.py    260  0.00s             1           0  0.06s           2025-05-12T23:41:15
================================================================================
[2025-05-12 23:42:15,569] {manager.py:803} INFO - 
================================================================================
DAG File Processing Stats

File Path                                 PID  Runtime      # DAGs    # Errors  Last Runtime    Last Run
--------------------------------------  -----  ---------  --------  ----------  --------------  -------------------
/opt/airflow/dags/extract_scheduler.py    267  0.01s             1           0  0.06s           2025-05-12T23:41:45
================================================================================
[2025-05-12 23:42:45,742] {manager.py:803} INFO - 
================================================================================
DAG File Processing Stats

File Path                                 PID  Runtime      # DAGs    # Errors  Last Runtime    Last Run
--------------------------------------  -----  ---------  --------  ----------  --------------  -------------------
/opt/airflow/dags/extract_scheduler.py    274  0.00s             1           0  0.07s           2025-05-12T23:42:15
================================================================================
[2025-05-12 23:43:15,922] {manager.py:803} INFO - 
================================================================================
DAG File Processing Stats

File Path                                 PID  Runtime      # DAGs    # Errors  Last Runtime    Last Run
--------------------------------------  -----  ---------  --------  ----------  --------------  -------------------
/opt/airflow/dags/extract_scheduler.py    279  0.00s             1           0  0.06s           2025-05-12T23:42:45
================================================================================
[2025-05-12 23:43:46,110] {manager.py:803} INFO - 
================================================================================
DAG File Processing Stats

File Path                                 PID  Runtime      # DAGs    # Errors  Last Runtime    Last Run
--------------------------------------  -----  ---------  --------  ----------  --------------  -------------------
/opt/airflow/dags/extract_scheduler.py    284  0.00s             1           0  0.06s           2025-05-12T23:43:15
================================================================================
[2025-05-12 23:44:15,282] {manager.py:684} INFO - Searching for files in /opt/airflow/dags
[2025-05-12 23:44:15,285] {manager.py:687} INFO - There are 1 files in /opt/airflow/dags
[2025-05-12 23:44:16,328] {manager.py:803} INFO - 
================================================================================
DAG File Processing Stats

File Path                                 PID  Runtime      # DAGs    # Errors  Last Runtime    Last Run
--------------------------------------  -----  ---------  --------  ----------  --------------  -------------------
/opt/airflow/dags/extract_scheduler.py    289  0.01s             1           0  0.08s           2025-05-12T23:43:46
================================================================================
[2025-05-12 23:44:46,512] {manager.py:803} INFO - 
================================================================================
DAG File Processing Stats

File Path                                 PID  Runtime      # DAGs    # Errors  Last Runtime    Last Run
--------------------------------------  -----  ---------  --------  ----------  --------------  -------------------
/opt/airflow/dags/extract_scheduler.py    294  0.01s             1           0  0.08s           2025-05-12T23:44:16
================================================================================
[2025-05-12 23:45:16,697] {manager.py:803} INFO - 
================================================================================
DAG File Processing Stats

File Path                               PID    Runtime      # DAGs    # Errors  Last Runtime    Last Run
--------------------------------------  -----  ---------  --------  ----------  --------------  -------------------
/opt/airflow/dags/extract_scheduler.py                           1           0  0.09s           2025-05-12T23:45:07
================================================================================
[2025-05-12 23:45:46,890] {manager.py:803} INFO - 
================================================================================
DAG File Processing Stats

File Path                               PID    Runtime      # DAGs    # Errors  Last Runtime    Last Run
--------------------------------------  -----  ---------  --------  ----------  --------------  -------------------
/opt/airflow/dags/extract_scheduler.py                           1           0  0.07s           2025-05-12T23:45:37
================================================================================
[2025-05-12 23:46:17,085] {manager.py:803} INFO - 
================================================================================
DAG File Processing Stats

File Path                               PID    Runtime      # DAGs    # Errors  Last Runtime    Last Run
--------------------------------------  -----  ---------  --------  ----------  --------------  -------------------
/opt/airflow/dags/extract_scheduler.py                           1           0  0.08s           2025-05-12T23:46:08
================================================================================
[2025-05-12 23:46:47,252] {manager.py:803} INFO - 
================================================================================
DAG File Processing Stats

File Path                               PID    Runtime      # DAGs    # Errors  Last Runtime    Last Run
--------------------------------------  -----  ---------  --------  ----------  --------------  -------------------
/opt/airflow/dags/extract_scheduler.py                           1           0  0.07s           2025-05-12T23:46:38
================================================================================
[2025-05-12 23:47:17,444] {manager.py:803} INFO - 
================================================================================
DAG File Processing Stats

File Path                               PID    Runtime      # DAGs    # Errors  Last Runtime    Last Run
--------------------------------------  -----  ---------  --------  ----------  --------------  -------------------
/opt/airflow/dags/extract_scheduler.py                           1           0  0.08s           2025-05-12T23:47:08
================================================================================
[2025-05-12 23:47:47,633] {manager.py:803} INFO - 
================================================================================
DAG File Processing Stats

File Path                               PID    Runtime      # DAGs    # Errors  Last Runtime    Last Run
--------------------------------------  -----  ---------  --------  ----------  --------------  -------------------
/opt/airflow/dags/extract_scheduler.py                           1           0  0.08s           2025-05-12T23:47:38
================================================================================
[2025-05-12 23:48:17,832] {manager.py:803} INFO - 
================================================================================
DAG File Processing Stats

File Path                               PID    Runtime      # DAGs    # Errors  Last Runtime    Last Run
--------------------------------------  -----  ---------  --------  ----------  --------------  -------------------
/opt/airflow/dags/extract_scheduler.py                           1           0  0.10s           2025-05-12T23:48:08
================================================================================
[2025-05-12 23:48:48,053] {manager.py:803} INFO - 
================================================================================
DAG File Processing Stats

File Path                               PID    Runtime      # DAGs    # Errors  Last Runtime    Last Run
--------------------------------------  -----  ---------  --------  ----------  --------------  -------------------
/opt/airflow/dags/extract_scheduler.py                           1           0  0.07s           2025-05-12T23:48:45
================================================================================
[2025-05-12 23:49:15,291] {manager.py:684} INFO - Searching for files in /opt/airflow/dags
[2025-05-12 23:49:15,291] {manager.py:687} INFO - There are 1 files in /opt/airflow/dags
[2025-05-12 23:49:18,246] {manager.py:803} INFO - 
================================================================================
DAG File Processing Stats

File Path                               PID    Runtime      # DAGs    # Errors  Last Runtime    Last Run
--------------------------------------  -----  ---------  --------  ----------  --------------  -------------------
/opt/airflow/dags/extract_scheduler.py                           1           0  0.07s           2025-05-12T23:49:15
================================================================================
[2025-05-12 23:49:48,440] {manager.py:803} INFO - 
================================================================================
DAG File Processing Stats

File Path                               PID    Runtime      # DAGs    # Errors  Last Runtime    Last Run
--------------------------------------  -----  ---------  --------  ----------  --------------  -------------------
/opt/airflow/dags/extract_scheduler.py                           1           0  0.08s           2025-05-12T23:49:45
================================================================================
[2025-05-12 23:50:18,645] {manager.py:803} INFO - 
================================================================================
DAG File Processing Stats

File Path                               PID    Runtime      # DAGs    # Errors  Last Runtime    Last Run
--------------------------------------  -----  ---------  --------  ----------  --------------  -------------------
/opt/airflow/dags/extract_scheduler.py                           1           0  0.08s           2025-05-12T23:50:15
================================================================================
[2025-05-12 23:50:48,820] {manager.py:803} INFO - 
================================================================================
DAG File Processing Stats

File Path                               PID    Runtime      # DAGs    # Errors  Last Runtime    Last Run
--------------------------------------  -----  ---------  --------  ----------  --------------  -------------------
/opt/airflow/dags/extract_scheduler.py                           1           0  0.09s           2025-05-12T23:50:45
================================================================================
[2025-05-12 23:51:19,014] {manager.py:803} INFO - 
================================================================================
DAG File Processing Stats

File Path                               PID    Runtime      # DAGs    # Errors  Last Runtime    Last Run
--------------------------------------  -----  ---------  --------  ----------  --------------  -------------------
/opt/airflow/dags/extract_scheduler.py                           1           0  0.08s           2025-05-12T23:51:16
================================================================================
[2025-05-12 23:51:49,205] {manager.py:803} INFO - 
================================================================================
DAG File Processing Stats

File Path                               PID    Runtime      # DAGs    # Errors  Last Runtime    Last Run
--------------------------------------  -----  ---------  --------  ----------  --------------  -------------------
/opt/airflow/dags/extract_scheduler.py                           1           0  0.08s           2025-05-12T23:51:46
================================================================================
[2025-05-12 23:52:19,388] {manager.py:803} INFO - 
================================================================================
DAG File Processing Stats

File Path                               PID    Runtime      # DAGs    # Errors  Last Runtime    Last Run
--------------------------------------  -----  ---------  --------  ----------  --------------  -------------------
/opt/airflow/dags/extract_scheduler.py                           1           0  0.07s           2025-05-12T23:52:16
================================================================================
[2025-05-12 23:52:49,582] {manager.py:803} INFO - 
================================================================================
DAG File Processing Stats

File Path                               PID    Runtime      # DAGs    # Errors  Last Runtime    Last Run
--------------------------------------  -----  ---------  --------  ----------  --------------  -------------------
/opt/airflow/dags/extract_scheduler.py                           1           0  0.08s           2025-05-12T23:52:46
================================================================================
[2025-05-12 23:53:19,781] {manager.py:803} INFO - 
================================================================================
DAG File Processing Stats

File Path                               PID    Runtime      # DAGs    # Errors  Last Runtime    Last Run
--------------------------------------  -----  ---------  --------  ----------  --------------  -------------------
/opt/airflow/dags/extract_scheduler.py                           1           0  0.07s           2025-05-12T23:53:16
================================================================================
[2025-05-12 23:53:49,970] {manager.py:803} INFO - 
================================================================================
DAG File Processing Stats

File Path                               PID    Runtime      # DAGs    # Errors  Last Runtime    Last Run
--------------------------------------  -----  ---------  --------  ----------  --------------  -------------------
/opt/airflow/dags/extract_scheduler.py                           1           0  0.07s           2025-05-12T23:53:47
================================================================================
[2025-05-12 23:54:16,119] {manager.py:684} INFO - Searching for files in /opt/airflow/dags
[2025-05-12 23:54:16,121] {manager.py:687} INFO - There are 1 files in /opt/airflow/dags
[2025-05-12 23:54:20,168] {manager.py:803} INFO - 
================================================================================
DAG File Processing Stats

File Path                               PID    Runtime      # DAGs    # Errors  Last Runtime    Last Run
--------------------------------------  -----  ---------  --------  ----------  --------------  -------------------
/opt/airflow/dags/extract_scheduler.py                           1           0  0.06s           2025-05-12T23:54:17
================================================================================
[2025-05-12 23:54:50,363] {manager.py:803} INFO - 
================================================================================
DAG File Processing Stats

File Path                               PID    Runtime      # DAGs    # Errors  Last Runtime    Last Run
--------------------------------------  -----  ---------  --------  ----------  --------------  -------------------
/opt/airflow/dags/extract_scheduler.py                           1           0  0.06s           2025-05-12T23:54:25
================================================================================
[2025-05-12 23:55:20,613] {manager.py:803} INFO - 
================================================================================
DAG File Processing Stats

File Path                               PID    Runtime      # DAGs    # Errors  Last Runtime    Last Run
--------------------------------------  -----  ---------  --------  ----------  --------------  -------------------
/opt/airflow/dags/extract_scheduler.py                           1           0  0.07s           2025-05-12T23:55:18
================================================================================
[2025-05-12 23:55:50,804] {manager.py:803} INFO - 
================================================================================
DAG File Processing Stats

File Path                               PID    Runtime      # DAGs    # Errors  Last Runtime    Last Run
--------------------------------------  -----  ---------  --------  ----------  --------------  -------------------
/opt/airflow/dags/extract_scheduler.py                           1           0  0.08s           2025-05-12T23:55:48
================================================================================
[2025-05-12 23:56:20,988] {manager.py:803} INFO - 
================================================================================
DAG File Processing Stats

File Path                               PID    Runtime      # DAGs    # Errors  Last Runtime    Last Run
--------------------------------------  -----  ---------  --------  ----------  --------------  -------------------
/opt/airflow/dags/extract_scheduler.py                           1           0  0.06s           2025-05-12T23:56:19
================================================================================
[2025-05-12 23:56:51,146] {manager.py:803} INFO - 
================================================================================
DAG File Processing Stats

File Path                               PID    Runtime      # DAGs    # Errors  Last Runtime    Last Run
--------------------------------------  -----  ---------  --------  ----------  --------------  -------------------
/opt/airflow/dags/extract_scheduler.py                           1           0  0.06s           2025-05-12T23:56:49
================================================================================
[2025-05-12 23:57:21,330] {manager.py:803} INFO - 
================================================================================
DAG File Processing Stats

File Path                               PID    Runtime      # DAGs    # Errors  Last Runtime    Last Run
--------------------------------------  -----  ---------  --------  ----------  --------------  -------------------
/opt/airflow/dags/extract_scheduler.py                           1           0  0.06s           2025-05-12T23:57:19
================================================================================
[2025-05-12 23:57:51,507] {manager.py:803} INFO - 
================================================================================
DAG File Processing Stats

File Path                               PID    Runtime      # DAGs    # Errors  Last Runtime    Last Run
--------------------------------------  -----  ---------  --------  ----------  --------------  -------------------
/opt/airflow/dags/extract_scheduler.py                           0           1  0.04s           2025-05-12T23:57:36
================================================================================
[2025-05-12 23:58:21,701] {manager.py:803} INFO - 
================================================================================
DAG File Processing Stats

File Path                               PID    Runtime      # DAGs    # Errors  Last Runtime    Last Run
--------------------------------------  -----  ---------  --------  ----------  --------------  -------------------
/opt/airflow/dags/extract_scheduler.py                           0           1  0.07s           2025-05-12T23:58:06
================================================================================
[2025-05-12 23:58:51,889] {manager.py:803} INFO - 
================================================================================
DAG File Processing Stats

File Path                               PID    Runtime      # DAGs    # Errors  Last Runtime    Last Run
--------------------------------------  -----  ---------  --------  ----------  --------------  -------------------
/opt/airflow/dags/extract_scheduler.py                           0           1  0.06s           2025-05-12T23:58:36
================================================================================
[2025-05-12 23:59:17,045] {manager.py:684} INFO - Searching for files in /opt/airflow/dags
[2025-05-12 23:59:17,048] {manager.py:687} INFO - There are 1 files in /opt/airflow/dags
[2025-05-12 23:59:22,097] {manager.py:505} INFO - DAG api_pipeline_integration is missing and will be deactivated.
[2025-05-12 23:59:22,100] {manager.py:515} INFO - Deactivated 1 DAGs which are no longer present in file.
[2025-05-12 23:59:22,104] {manager.py:803} INFO - 
================================================================================
DAG File Processing Stats

File Path                               PID    Runtime      # DAGs    # Errors  Last Runtime    Last Run
--------------------------------------  -----  ---------  --------  ----------  --------------  -------------------
/opt/airflow/dags/extract_scheduler.py                           0           1  0.04s           2025-05-12T23:59:07
================================================================================
[2025-05-12 23:59:43,437] {manager.py:455} INFO - Exiting gracefully upon receiving signal 15
[2025-05-13 00:00:24,901] {manager.py:474} INFO - Processing files using up to 2 processes at a time 
[2025-05-13 00:00:24,901] {manager.py:475} INFO - Process each file at most once every 30 seconds
[2025-05-13 00:00:24,901] {manager.py:477} INFO - Checking for new files in /opt/airflow/dags every 300 seconds
[2025-05-13 00:00:24,901] {manager.py:684} INFO - Searching for files in /opt/airflow/dags
[2025-05-13 00:00:24,902] {manager.py:687} INFO - There are 1 files in /opt/airflow/dags
[2025-05-13 00:00:24,925] {manager.py:803} INFO - 
================================================================================
DAG File Processing Stats

File Path                                 PID  Runtime      # DAGs    # Errors  Last Runtime    Last Run
--------------------------------------  -----  ---------  --------  ----------  --------------  ----------
/opt/airflow/dags/extract_scheduler.py    230  0.01s             0           0
================================================================================
[2025-05-13 00:00:55,101] {manager.py:803} INFO - 
================================================================================
DAG File Processing Stats

File Path                                 PID  Runtime      # DAGs    # Errors  Last Runtime    Last Run
--------------------------------------  -----  ---------  --------  ----------  --------------  -------------------
/opt/airflow/dags/extract_scheduler.py    236  0.00s             0           1  0.04s           2025-05-13T00:00:24
================================================================================
[2025-05-13 00:01:25,287] {manager.py:803} INFO - 
================================================================================
DAG File Processing Stats

File Path                                 PID  Runtime      # DAGs    # Errors  Last Runtime    Last Run
--------------------------------------  -----  ---------  --------  ----------  --------------  -------------------
/opt/airflow/dags/extract_scheduler.py    241  0.01s             0           1  0.04s           2025-05-13T00:00:55
================================================================================
[2025-05-13 00:01:55,526] {manager.py:803} INFO - 
================================================================================
DAG File Processing Stats

File Path                               PID    Runtime      # DAGs    # Errors  Last Runtime    Last Run
--------------------------------------  -----  ---------  --------  ----------  --------------  -------------------
/opt/airflow/dags/extract_scheduler.py                           0           1  0.05s           2025-05-13T00:01:32
================================================================================
[2025-05-13 00:02:25,736] {manager.py:803} INFO - 
================================================================================
DAG File Processing Stats

File Path                               PID    Runtime      # DAGs    # Errors  Last Runtime    Last Run
--------------------------------------  -----  ---------  --------  ----------  --------------  -------------------
/opt/airflow/dags/extract_scheduler.py                           0           1  0.05s           2025-05-13T00:02:02
================================================================================
[2025-05-13 00:02:55,929] {manager.py:803} INFO - 
================================================================================
DAG File Processing Stats

File Path                               PID    Runtime      # DAGs    # Errors  Last Runtime    Last Run
--------------------------------------  -----  ---------  --------  ----------  --------------  -------------------
/opt/airflow/dags/extract_scheduler.py                           0           1  0.05s           2025-05-13T00:02:32
================================================================================
[2025-05-13 00:03:26,122] {manager.py:803} INFO - 
================================================================================
DAG File Processing Stats

File Path                               PID    Runtime      # DAGs    # Errors  Last Runtime    Last Run
--------------------------------------  -----  ---------  --------  ----------  --------------  -------------------
/opt/airflow/dags/extract_scheduler.py                           0           1  0.05s           2025-05-13T00:03:03
================================================================================
[2025-05-13 00:03:56,292] {manager.py:803} INFO - 
================================================================================
DAG File Processing Stats

File Path                               PID    Runtime      # DAGs    # Errors  Last Runtime    Last Run
--------------------------------------  -----  ---------  --------  ----------  --------------  -------------------
/opt/airflow/dags/extract_scheduler.py                           0           1  0.06s           2025-05-13T00:03:33
================================================================================
[2025-05-13 00:04:26,485] {manager.py:803} INFO - 
================================================================================
DAG File Processing Stats

File Path                               PID    Runtime      # DAGs    # Errors  Last Runtime    Last Run
--------------------------------------  -----  ---------  --------  ----------  --------------  -------------------
/opt/airflow/dags/extract_scheduler.py                           0           1  0.05s           2025-05-13T00:04:03
================================================================================
[2025-05-13 00:04:56,658] {manager.py:803} INFO - 
================================================================================
DAG File Processing Stats

File Path                               PID    Runtime      # DAGs    # Errors  Last Runtime    Last Run
--------------------------------------  -----  ---------  --------  ----------  --------------  -------------------
/opt/airflow/dags/extract_scheduler.py                           0           1  0.03s           2025-05-13T00:04:33
================================================================================
[2025-05-13 00:05:14,244] {manager.py:455} INFO - Exiting gracefully upon receiving signal 15
[2025-05-13 00:05:29,884] {manager.py:474} INFO - Processing files using up to 2 processes at a time 
[2025-05-13 00:05:29,884] {manager.py:475} INFO - Process each file at most once every 30 seconds
[2025-05-13 00:05:29,884] {manager.py:477} INFO - Checking for new files in /opt/airflow/dags every 300 seconds
[2025-05-13 00:05:29,884] {manager.py:684} INFO - Searching for files in /opt/airflow/dags
[2025-05-13 00:05:29,885] {manager.py:687} INFO - There are 1 files in /opt/airflow/dags
[2025-05-13 00:05:29,908] {manager.py:803} INFO - 
================================================================================
DAG File Processing Stats

File Path                                 PID  Runtime      # DAGs    # Errors  Last Runtime    Last Run
--------------------------------------  -----  ---------  --------  ----------  --------------  ----------
/opt/airflow/dags/extract_scheduler.py    230  0.01s             0           0
================================================================================
[2025-05-13 00:06:00,094] {manager.py:803} INFO - 
================================================================================
DAG File Processing Stats

File Path                                 PID  Runtime      # DAGs    # Errors  Last Runtime    Last Run
--------------------------------------  -----  ---------  --------  ----------  --------------  -------------------
/opt/airflow/dags/extract_scheduler.py    236  0.01s             0           1  0.06s           2025-05-13T00:05:29
================================================================================
[2025-05-13 00:06:30,285] {manager.py:803} INFO - 
================================================================================
DAG File Processing Stats

File Path                                 PID  Runtime      # DAGs    # Errors  Last Runtime    Last Run
--------------------------------------  -----  ---------  --------  ----------  --------------  -------------------
/opt/airflow/dags/extract_scheduler.py    241  0.01s             0           1  0.06s           2025-05-13T00:06:00
================================================================================
[2025-05-13 00:07:00,470] {manager.py:803} INFO - 
================================================================================
DAG File Processing Stats

File Path                                 PID  Runtime      # DAGs    # Errors  Last Runtime    Last Run
--------------------------------------  -----  ---------  --------  ----------  --------------  -------------------
/opt/airflow/dags/extract_scheduler.py    252  0.01s             0           1  0.07s           2025-05-13T00:06:30
================================================================================
[2025-05-13 00:07:30,657] {manager.py:803} INFO - 
================================================================================
DAG File Processing Stats

File Path                                 PID  Runtime      # DAGs    # Errors  Last Runtime    Last Run
--------------------------------------  -----  ---------  --------  ----------  --------------  -------------------
/opt/airflow/dags/extract_scheduler.py    257  0.00s             0           1  0.08s           2025-05-13T00:07:00
================================================================================
[2025-05-13 00:08:00,842] {manager.py:803} INFO - 
================================================================================
DAG File Processing Stats

File Path                                 PID  Runtime      # DAGs    # Errors  Last Runtime    Last Run
--------------------------------------  -----  ---------  --------  ----------  --------------  -------------------
/opt/airflow/dags/extract_scheduler.py    262  0.01s             0           1  0.07s           2025-05-13T00:07:30
================================================================================
[2025-05-13 00:08:31,030] {manager.py:803} INFO - 
================================================================================
DAG File Processing Stats

File Path                                 PID  Runtime      # DAGs    # Errors  Last Runtime    Last Run
--------------------------------------  -----  ---------  --------  ----------  --------------  -------------------
/opt/airflow/dags/extract_scheduler.py    267  0.01s             0           1  0.08s           2025-05-13T00:08:00
================================================================================
[2025-05-13 00:09:01,203] {manager.py:803} INFO - 
================================================================================
DAG File Processing Stats

File Path                                 PID  Runtime      # DAGs    # Errors  Last Runtime    Last Run
--------------------------------------  -----  ---------  --------  ----------  --------------  -------------------
/opt/airflow/dags/extract_scheduler.py    272  0.00s             0           1  0.07s           2025-05-13T00:08:31
================================================================================
[2025-05-13 00:09:31,383] {manager.py:803} INFO - 
================================================================================
DAG File Processing Stats

File Path                                 PID  Runtime      # DAGs    # Errors  Last Runtime    Last Run
--------------------------------------  -----  ---------  --------  ----------  --------------  -------------------
/opt/airflow/dags/extract_scheduler.py    277  0.00s             0           1  0.07s           2025-05-13T00:09:01
================================================================================
[2025-05-13 00:10:01,580] {manager.py:803} INFO - 
================================================================================
DAG File Processing Stats

File Path                                 PID  Runtime      # DAGs    # Errors  Last Runtime    Last Run
--------------------------------------  -----  ---------  --------  ----------  --------------  -------------------
/opt/airflow/dags/extract_scheduler.py    282  0.01s             0           1  0.08s           2025-05-13T00:09:31
================================================================================
[2025-05-13 00:10:30,753] {manager.py:684} INFO - Searching for files in /opt/airflow/dags
[2025-05-13 00:10:30,754] {manager.py:687} INFO - There are 1 files in /opt/airflow/dags
[2025-05-13 00:10:31,779] {manager.py:803} INFO - 
================================================================================
DAG File Processing Stats

File Path                                 PID  Runtime      # DAGs    # Errors  Last Runtime    Last Run
--------------------------------------  -----  ---------  --------  ----------  --------------  -------------------
/opt/airflow/dags/extract_scheduler.py    287  0.01s             0           1  0.06s           2025-05-13T00:10:01
================================================================================
[2025-05-13 00:11:01,971] {manager.py:803} INFO - 
================================================================================
DAG File Processing Stats

File Path                                 PID  Runtime      # DAGs    # Errors  Last Runtime    Last Run
--------------------------------------  -----  ---------  --------  ----------  --------------  -------------------
/opt/airflow/dags/extract_scheduler.py    292  0.01s             0           1  0.07s           2025-05-13T00:10:31
================================================================================
[2025-05-13 00:11:32,172] {manager.py:803} INFO - 
================================================================================
DAG File Processing Stats

File Path                                 PID  Runtime      # DAGs    # Errors  Last Runtime    Last Run
--------------------------------------  -----  ---------  --------  ----------  --------------  -------------------
/opt/airflow/dags/extract_scheduler.py    297  0.01s             0           1  0.08s           2025-05-13T00:11:02
================================================================================
[2025-05-13 00:12:02,350] {manager.py:803} INFO - 
================================================================================
DAG File Processing Stats

File Path                                 PID  Runtime      # DAGs    # Errors  Last Runtime    Last Run
--------------------------------------  -----  ---------  --------  ----------  --------------  -------------------
/opt/airflow/dags/extract_scheduler.py    302  0.01s             0           1  0.06s           2025-05-13T00:11:32
================================================================================
